app/build/intermediates/manifest_merge_blame_file/debug/processDebugMainManifest/manifest-merger-blame-debug-report.txt
1<?xml version="1.0" encoding="utf-8"?>
2<manifest xmlns:android="http://schemas.android.com/apk/res/android"
3    package="com.leo.watchbrowser"
4    android:versionCode="6"
5    android:versionName="1.4.0" >
6
7    <uses-sdk
8        android:minSdkVersion="30"
9        android:targetSdkVersion="34" />
10
11    <uses-feature android:name="android.hardware.type.watch" />
11-->src\main\AndroidManifest.xml:4:5-64
11-->src\main\AndroidManifest.xml:4:19-61
12
13    <uses-permission android:name="android.permission.INTERNET" />
13-->src\main\AndroidManifest.xml:5:5-67
13-->src\main\AndroidManifest.xml:5:22-64
14    <uses-permission android:name="android.permission.ACCESS_NETWORK_STATE" />
14-->src\main\AndroidManifest.xml:6:5-79
14-->src\main\AndroidManifest.xml:6:22-76
15    <uses-permission android:name="android.permission.HIGH_SAMPLING_RATE_SENSORS" />
15-->[org.mozilla.geckoview:geckoview-omni:145.0.20251124145406] AndroidManifest.xml:14:5-16:43
15-->[org.mozilla.geckoview:geckoview-omni:145.0.20251124145406] AndroidManifest.xml:15:9-69
16    <uses-permission android:name="android.permission.WAKE_LOCK" />
16-->[org.mozilla.geckoview:geckoview-omni:145.0.20251124145406] AndroidManifest.xml:18:5-68
16-->[org.mozilla.geckoview:geckoview-omni:145.0.20251124145406] AndroidManifest.xml:18:22-65
17    <uses-permission android:name="android.permission.MODIFY_AUDIO_SETTINGS" />
17-->[org.mozilla.geckoview:geckoview-omni:145.0.20251124145406] AndroidManifest.xml:19:5-80
17-->[org.mozilla.geckoview:geckoview-omni:145.0.20251124145406] AndroidManifest.xml:19:22-77
18
19    <uses-feature
19-->[org.mozilla.geckoview:geckoview-omni:145.0.20251124145406] AndroidManifest.xml:21:5-23:36
20        android:name="android.hardware.location"
20-->[org.mozilla.geckoview:geckoview-omni:145.0.20251124145406] AndroidManifest.xml:22:9-49
21        android:required="false" />
21-->[org.mozilla.geckoview:geckoview-omni:145.0.20251124145406] AndroidManifest.xml:23:9-33
22    <uses-feature
22-->[org.mozilla.geckoview:geckoview-omni:145.0.20251124145406] AndroidManifest.xml:24:5-26:36
23        android:name="android.hardware.location.gps"
23-->[org.mozilla.geckoview:geckoview-omni:145.0.20251124145406] AndroidManifest.xml:25:9-53
24        android:required="false" />
24-->[org.mozilla.geckoview:geckoview-omni:145.0.20251124145406] AndroidManifest.xml:26:9-33
25    <uses-feature
25-->[org.mozilla.geckoview:geckoview-omni:145.0.20251124145406] AndroidManifest.xml:27:5-29:36
26        android:name="android.hardware.touchscreen"
26-->[org.mozilla.geckoview:geckoview-omni:145.0.20251124145406] AndroidManifest.xml:28:9-52
27        android:required="false" />
27-->[org.mozilla.geckoview:geckoview-omni:145.0.20251124145406] AndroidManifest.xml:29:9-33
28    <uses-feature
28-->[org.mozilla.geckoview:geckoview-omni:145.0.20251124145406] AndroidManifest.xml:30:5-32:36
29        android:name="android.hardware.camera"
29-->[org.mozilla.geckoview:geckoview-omni:145.0.20251124145406] AndroidManifest.xml:31:9-47
30        android:required="false" />
30-->[org.mozilla.geckoview:geckoview-omni:145.0.20251124145406] AndroidManifest.xml:32:9-33
31    <uses-feature
31-->[org.mozilla.geckoview:geckoview-omni:145.0.20251124145406] AndroidManifest.xml:33:5-35:36
32        android:name="android.hardware.camera.autofocus"
32-->[org.mozilla.geckoview:geckoview-omni:145.0.20251124145406] AndroidManifest.xml:34:9-57
33        android:required="false" />
33-->[org.mozilla.geckoview:geckoview-omni:145.0.20251124145406] AndroidManifest.xml:35:9-33
34    <uses-feature
34-->[org.mozilla.geckoview:geckoview-omni:145.0.20251124145406] AndroidManifest.xml:36:5-38:36
35        android:name="android.hardware.audio.low_latency"
35-->[org.mozilla.geckoview:geckoview-omni:145.0.20251124145406] AndroidManifest.xml:37:9-58
36        android:required="false" />
36-->[org.mozilla.geckoview:geckoview-omni:145.0.20251124145406] AndroidManifest.xml:38:9-33
37    <uses-feature
37-->[org.mozilla.geckoview:geckoview-omni:145.0.20251124145406] AndroidManifest.xml:39:5-41:36
38        android:name="android.hardware.microphone"
38-->[org.mozilla.geckoview:geckoview-omni:145.0.20251124145406] AndroidManifest.xml:40:9-51
39        android:required="false" />
39-->[org.mozilla.geckoview:geckoview-omni:145.0.20251124145406] AndroidManifest.xml:41:9-33
40    <uses-feature
40-->[org.mozilla.geckoview:geckoview-omni:145.0.20251124145406] AndroidManifest.xml:42:5-44:36
41        android:name="android.hardware.camera.any"
41-->[org.mozilla.geckoview:geckoview-omni:145.0.20251124145406] AndroidManifest.xml:43:9-51
42        android:required="false" /> <!-- GeckoView requires OpenGL ES 2.0 -->
42-->[org.mozilla.geckoview:geckoview-omni:145.0.20251124145406] AndroidManifest.xml:44:9-33
43    <uses-feature
43-->[org.mozilla.geckoview:geckoview-omni:145.0.20251124145406] AndroidManifest.xml:45:5-47:35
44        android:glEsVersion="0x00020000"
44-->[org.mozilla.geckoview:geckoview-omni:145.0.20251124145406] AndroidManifest.xml:46:9-41
45        android:required="true" />
45-->[org.mozilla.geckoview:geckoview-omni:145.0.20251124145406] AndroidManifest.xml:47:9-32
46
47    <permission
47-->[androidx.core:core:1.17.0] AndroidManifest.xml:22:5-24:47
48        android:name="com.leo.watchbrowser.DYNAMIC_RECEIVER_NOT_EXPORTED_PERMISSION"
48-->[androidx.core:core:1.17.0] AndroidManifest.xml:23:9-81
49        android:protectionLevel="signature" />
49-->[androidx.core:core:1.17.0] AndroidManifest.xml:24:9-44
50
51    <uses-permission android:name="com.leo.watchbrowser.DYNAMIC_RECEIVER_NOT_EXPORTED_PERMISSION" />
51-->[androidx.core:core:1.17.0] AndroidManifest.xml:26:5-97
51-->[androidx.core:core:1.17.0] AndroidManifest.xml:26:22-94
52
53    <application
53-->src\main\AndroidManifest.xml:8:5-28:19
54        android:allowBackup="true"
54-->src\main\AndroidManifest.xml:9:9-35
55        android:appComponentFactory="androidx.core.app.CoreComponentFactory"
55-->[androidx.core:core:1.17.0] AndroidManifest.xml:28:18-86
56        android:debuggable="true"
57        android:enableOnBackInvokedCallback="false"
57-->src\main\AndroidManifest.xml:12:9-52
58        android:extractNativeLibs="false"
59        android:icon="@mipmap/ic_launcher"
59-->src\main\AndroidManifest.xml:10:9-43
60        android:label="@string/app_name"
60-->src\main\AndroidManifest.xml:11:9-41
61        android:testOnly="true"
62        android:theme="@style/WatchBrowserTheme" >
62-->src\main\AndroidManifest.xml:13:9-49
63        <meta-data
63-->src\main\AndroidManifest.xml:15:9-17:36
64            android:name="com.google.android.wearable.standalone"
64-->src\main\AndroidManifest.xml:16:13-66
65            android:value="true" />
65-->src\main\AndroidManifest.xml:17:13-33
66
67        <activity
67-->src\main\AndroidManifest.xml:19:9-27:20
68            android:name="com.leo.watchbrowser.MainActivity"
68-->src\main\AndroidManifest.xml:20:13-41
69            android:exported="true"
69-->src\main\AndroidManifest.xml:21:13-36
70            android:windowSoftInputMode="adjustPan" >
70-->src\main\AndroidManifest.xml:22:13-52
71            <intent-filter>
71-->src\main\AndroidManifest.xml:23:13-26:29
72                <action android:name="android.intent.action.MAIN" />
72-->src\main\AndroidManifest.xml:24:17-69
72-->src\main\AndroidManifest.xml:24:25-66
73
74                <category android:name="android.intent.category.LAUNCHER" />
74-->src\main\AndroidManifest.xml:25:17-77
74-->src\main\AndroidManifest.xml:25:27-74
75            </intent-filter>
76        </activity>
77
78        <service
78-->[org.mozilla.geckoview:geckoview-omni:145.0.20251124145406] AndroidManifest.xml:50:9-56:19
79            android:name="org.mozilla.gecko.process.GeckoChildProcessServices$tab0"
79-->[org.mozilla.geckoview:geckoview-omni:145.0.20251124145406] AndroidManifest.xml:51:13-84
80            android:enabled="true"
80-->[org.mozilla.geckoview:geckoview-omni:145.0.20251124145406] AndroidManifest.xml:52:13-35
81            android:exported="false"
81-->[org.mozilla.geckoview:geckoview-omni:145.0.20251124145406] AndroidManifest.xml:53:13-37
82            android:isolatedProcess="false"
82-->[org.mozilla.geckoview:geckoview-omni:145.0.20251124145406] AndroidManifest.xml:54:13-44
83            android:process=":tab0" >
83-->[org.mozilla.geckoview:geckoview-omni:145.0.20251124145406] AndroidManifest.xml:55:13-36
84        </service>
85        <service
85-->[org.mozilla.geckoview:geckoview-omni:145.0.20251124145406] AndroidManifest.xml:57:9-63:19
86            android:name="org.mozilla.gecko.process.GeckoChildProcessServices$isolatedTab0"
86-->[org.mozilla.geckoview:geckoview-omni:145.0.20251124145406] AndroidManifest.xml:58:13-92
87            android:enabled="true"
87-->[org.mozilla.geckoview:geckoview-omni:145.0.20251124145406] AndroidManifest.xml:59:13-35
88            android:exported="false"
88-->[org.mozilla.geckoview:geckoview-omni:145.0.20251124145406] AndroidManifest.xml:60:13-37
89            android:isolatedProcess="true"
89-->[org.mozilla.geckoview:geckoview-omni:145.0.20251124145406] AndroidManifest.xml:61:13-43
90            android:process=":isolatedTab0" >
90-->[org.mozilla.geckoview:geckoview-omni:145.0.20251124145406] AndroidManifest.xml:62:13-44
91        </service>
92        <service
92-->[org.mozilla.geckoview:geckoview-omni:145.0.20251124145406] AndroidManifest.xml:64:9-70:19
93            android:name="org.mozilla.gecko.process.GeckoChildProcessServices$tab1"
93-->[org.mozilla.geckoview:geckoview-omni:145.0.20251124145406] AndroidManifest.xml:65:13-84
94            android:enabled="true"
94-->[org.mozilla.geckoview:geckoview-omni:145.0.20251124145406] AndroidManifest.xml:66:13-35
95            android:exported="false"
95-->[org.mozilla.geckoview:geckoview-omni:145.0.20251124145406] AndroidManifest.xml:67:13-37
96            android:isolatedProcess="false"
96-->[org.mozilla.geckoview:geckoview-omni:145.0.20251124145406] AndroidManifest.xml:68:13-44
97            android:process=":tab1" >
97-->[org.mozilla.geckoview:geckoview-omni:145.0.20251124145406] AndroidManifest.xml:69:13-36
98        </service>
99        <service
99-->[org.mozilla.geckoview:geckoview-omni:145.0.20251124145406] AndroidManifest.xml:71:9-77:19
100            android:name="org.mozilla.gecko.process.GeckoChildProcessServices$isolatedTab1"
100-->[org.mozilla.geckoview:geckoview-omni:145.0.20251124145406] AndroidManifest.xml:72:13-92
101            android:enabled="true"
101-->[org.mozilla.geckoview:geckoview-omni:145.0.20251124145406] AndroidManifest.xml:73:13-35
102            android:exported="false"
102-->[org.mozilla.geckoview:geckoview-omni:145.0.20251124145406] AndroidManifest.xml:74:13-37
103            android:isolatedProcess="true"
103-->[org.mozilla.geckoview:geckoview-omni:145.0.20251124145406] AndroidManifest.xml:75:13-43
104            android:process=":isolatedTab1" >
104-->[org.mozilla.geckoview:geckoview-omni:145.0.20251124145406] AndroidManifest.xml:76:13-44
105        </service>
106        <service
106-->[org.mozilla.geckoview:geckoview-omni:145.0.20251124145406] AndroidManifest.xml:78:9-84:19
107            android:name="org.mozilla.gecko.process.GeckoChildProcessServices$tab2"
107-->[org.mozilla.geckoview:geckoview-omni:145.0.20251124145406] AndroidManifest.xml:79:13-84
108            android:enabled="true"
108-->[org.mozilla.geckoview:geckoview-omni:145.0.20251124145406] AndroidManifest.xml:80:13-35
109            android:exported="false"
109-->[org.mozilla.geckoview:geckoview-omni:145.0.20251124145406] AndroidManifest.xml:81:13-37
110            android:isolatedProcess="false"
110-->[org.mozilla.geckoview:geckoview-omni:145.0.20251124145406] AndroidManifest.xml:82:13-44
111            android:process=":tab2" >
111-->[org.mozilla.geckoview:geckoview-omni:145.0.20251124145406] AndroidManifest.xml:83:13-36
112        </service>
113        <service
113-->[org.mozilla.geckoview:geckoview-omni:145.0.20251124145406] AndroidManifest.xml:85:9-91:19
114            android:name="org.mozilla.gecko.process.GeckoChildProcessServices$isolatedTab2"
114-->[org.mozilla.geckoview:geckoview-omni:145.0.20251124145406] AndroidManifest.xml:86:13-92
115            android:enabled="true"
115-->[org.mozilla.geckoview:geckoview-omni:145.0.20251124145406] AndroidManifest.xml:87:13-35
116            android:exported="false"
116-->[org.mozilla.geckoview:geckoview-omni:145.0.20251124145406] AndroidManifest.xml:88:13-37
117            android:isolatedProcess="true"
117-->[org.mozilla.geckoview:geckoview-omni:145.0.20251124145406] AndroidManifest.xml:89:13-43
118            android:process=":isolatedTab2" >
118-->[org.mozilla.geckoview:geckoview-omni:145.0.20251124145406] AndroidManifest.xml:90:13-44
119        </service>
120        <service
120-->[org.mozilla.geckoview:geckoview-omni:145.0.20251124145406] AndroidManifest.xml:92:9-98:19
121            android:name="org.mozilla.gecko.process.GeckoChildProcessServices$tab3"
121-->[org.mozilla.geckoview:geckoview-omni:145.0.20251124145406] AndroidManifest.xml:93:13-84
122            android:enabled="true"
122-->[org.mozilla.geckoview:geckoview-omni:145.0.20251124145406] AndroidManifest.xml:94:13-35
123            android:exported="false"
123-->[org.mozilla.geckoview:geckoview-omni:145.0.20251124145406] AndroidManifest.xml:95:13-37
124            android:isolatedProcess="false"
124-->[org.mozilla.geckoview:geckoview-omni:145.0.20251124145406] AndroidManifest.xml:96:13-44
125            android:process=":tab3" >
125-->[org.mozilla.geckoview:geckoview-omni:145.0.20251124145406] AndroidManifest.xml:97:13-36
126        </service>
127        <service
127-->[org.mozilla.geckoview:geckoview-omni:145.0.20251124145406] AndroidManifest.xml:99:9-105:19
128            android:name="org.mozilla.gecko.process.GeckoChildProcessServices$isolatedTab3"
128-->[org.mozilla.geckoview:geckoview-omni:145.0.20251124145406] AndroidManifest.xml:100:13-92
129            android:enabled="true"
129-->[org.mozilla.geckoview:geckoview-omni:145.0.20251124145406] AndroidManifest.xml:101:13-35
130            android:exported="false"
130-->[org.mozilla.geckoview:geckoview-omni:145.0.20251124145406] AndroidManifest.xml:102:13-37
131            android:isolatedProcess="true"
131-->[org.mozilla.geckoview:geckoview-omni:145.0.20251124145406] AndroidManifest.xml:103:13-43
132            android:process=":isolatedTab3" >
132-->[org.mozilla.geckoview:geckoview-omni:145.0.20251124145406] AndroidManifest.xml:104:13-44
133        </service>
134        <service
134-->[org.mozilla.geckoview:geckoview-omni:145.0.20251124145406] AndroidManifest.xml:106:9-112:19
135            android:name="org.mozilla.gecko.process.GeckoChildProcessServices$tab4"
135-->[org.mozilla.geckoview:geckoview-omni:145.0.20251124145406] AndroidManifest.xml:107:13-84
136            android:enabled="true"
136-->[org.mozilla.geckoview:geckoview-omni:145.0.20251124145406] AndroidManifest.xml:108:13-35
137            android:exported="false"
137-->[org.mozilla.geckoview:geckoview-omni:145.0.20251124145406] AndroidManifest.xml:109:13-37
138            android:isolatedProcess="false"
138-->[org.mozilla.geckoview:geckoview-omni:145.0.20251124145406] AndroidManifest.xml:110:13-44
139            android:process=":tab4" >
139-->[org.mozilla.geckoview:geckoview-omni:145.0.20251124145406] AndroidManifest.xml:111:13-36
140        </service>
141        <service
141-->[org.mozilla.geckoview:geckoview-omni:145.0.20251124145406] AndroidManifest.xml:113:9-119:19
142            android:name="org.mozilla.gecko.process.GeckoChildProcessServices$isolatedTab4"
142-->[org.mozilla.geckoview:geckoview-omni:145.0.20251124145406] AndroidManifest.xml:114:13-92
143            android:enabled="true"
143-->[org.mozilla.geckoview:geckoview-omni:145.0.20251124145406] AndroidManifest.xml:115:13-35
144            android:exported="false"
144-->[org.mozilla.geckoview:geckoview-omni:145.0.20251124145406] AndroidManifest.xml:116:13-37
145            android:isolatedProcess="true"
145-->[org.mozilla.geckoview:geckoview-omni:145.0.20251124145406] AndroidManifest.xml:117:13-43
146            android:process=":isolatedTab4" >
146-->[org.mozilla.geckoview:geckoview-omni:145.0.20251124145406] AndroidManifest.xml:118:13-44
147        </service>
148        <service
148-->[org.mozilla.geckoview:geckoview-omni:145.0.20251124145406] AndroidManifest.xml:120:9-126:19
149            android:name="org.mozilla.gecko.process.GeckoChildProcessServices$tab5"
149-->[org.mozilla.geckoview:geckoview-omni:145.0.20251124145406] AndroidManifest.xml:121:13-84
150            android:enabled="true"
150-->[org.mozilla.geckoview:geckoview-omni:145.0.20251124145406] AndroidManifest.xml:122:13-35
151            android:exported="false"
151-->[org.mozilla.geckoview:geckoview-omni:145.0.20251124145406] AndroidManifest.xml:123:13-37
152            android:isolatedProcess="false"
152-->[org.mozilla.geckoview:geckoview-omni:145.0.20251124145406] AndroidManifest.xml:124:13-44
153            android:process=":tab5" >
153-->[org.mozilla.geckoview:geckoview-omni:145.0.20251124145406] AndroidManifest.xml:125:13-36
154        </service>
155        <service
155-->[org.mozilla.geckoview:geckoview-omni:145.0.20251124145406] AndroidManifest.xml:127:9-133:19
156            android:name="org.mozilla.gecko.process.GeckoChildProcessServices$isolatedTab5"
156-->[org.mozilla.geckoview:geckoview-omni:145.0.20251124145406] AndroidManifest.xml:128:13-92
157            android:enabled="true"
157-->[org.mozilla.geckoview:geckoview-omni:145.0.20251124145406] AndroidManifest.xml:129:13-35
158            android:exported="false"
158-->[org.mozilla.geckoview:geckoview-omni:145.0.20251124145406] AndroidManifest.xml:130:13-37
159            android:isolatedProcess="true"
159-->[org.mozilla.geckoview:geckoview-omni:145.0.20251124145406] AndroidManifest.xml:131:13-43
160            android:process=":isolatedTab5" >
160-->[org.mozilla.geckoview:geckoview-omni:145.0.20251124145406] AndroidManifest.xml:132:13-44
161        </service>
162        <service
162-->[org.mozilla.geckoview:geckoview-omni:145.0.20251124145406] AndroidManifest.xml:134:9-140:19
163            android:name="org.mozilla.gecko.process.GeckoChildProcessServices$tab6"
163-->[org.mozilla.geckoview:geckoview-omni:145.0.20251124145406] AndroidManifest.xml:135:13-84
164            android:enabled="true"
164-->[org.mozilla.geckoview:geckoview-omni:145.0.20251124145406] AndroidManifest.xml:136:13-35
165            android:exported="false"
165-->[org.mozilla.geckoview:geckoview-omni:145.0.20251124145406] AndroidManifest.xml:137:13-37
166            android:isolatedProcess="false"
166-->[org.mozilla.geckoview:geckoview-omni:145.0.20251124145406] AndroidManifest.xml:138:13-44
167            android:process=":tab6" >
167-->[org.mozilla.geckoview:geckoview-omni:145.0.20251124145406] AndroidManifest.xml:139:13-36
168        </service>
169        <service
169-->[org.mozilla.geckoview:geckoview-omni:145.0.20251124145406] AndroidManifest.xml:141:9-147:19
170            android:name="org.mozilla.gecko.process.GeckoChildProcessServices$isolatedTab6"
170-->[org.mozilla.geckoview:geckoview-omni:145.0.20251124145406] AndroidManifest.xml:142:13-92
171            android:enabled="true"
171-->[org.mozilla.geckoview:geckoview-omni:145.0.20251124145406] AndroidManifest.xml:143:13-35
172            android:exported="false"
172-->[org.mozilla.geckoview:geckoview-omni:145.0.20251124145406] AndroidManifest.xml:144:13-37
173            android:isolatedProcess="true"
173-->[org.mozilla.geckoview:geckoview-omni:145.0.20251124145406] AndroidManifest.xml:145:13-43
174            android:process=":isolatedTab6" >
174-->[org.mozilla.geckoview:geckoview-omni:145.0.20251124145406] AndroidManifest.xml:146:13-44
175        </service>
176        <service
176-->[org.mozilla.geckoview:geckoview-omni:145.0.20251124145406] AndroidManifest.xml:148:9-154:19
177            android:name="org.mozilla.gecko.process.GeckoChildProcessServices$tab7"
177-->[org.mozilla.geckoview:geckoview-omni:145.0.20251124145406] AndroidManifest.xml:149:13-84
178            android:enabled="true"
178-->[org.mozilla.geckoview:geckoview-omni:145.0.20251124145406] AndroidManifest.xml:150:13-35
179            android:exported="false"
179-->[org.mozilla.geckoview:geckoview-omni:145.0.20251124145406] AndroidManifest.xml:151:13-37
180            android:isolatedProcess="false"
180-->[org.mozilla.geckoview:geckoview-omni:145.0.20251124145406] AndroidManifest.xml:152:13-44
181            android:process=":tab7" >
181-->[org.mozilla.geckoview:geckoview-omni:145.0.20251124145406] AndroidManifest.xml:153:13-36
182        </service>
183        <service
183-->[org.mozilla.geckoview:geckoview-omni:145.0.20251124145406] AndroidManifest.xml:155:9-161:19
184            android:name="org.mozilla.gecko.process.GeckoChildProcessServices$isolatedTab7"
184-->[org.mozilla.geckoview:geckoview-omni:145.0.20251124145406] AndroidManifest.xml:156:13-92
185            android:enabled="true"
185-->[org.mozilla.geckoview:geckoview-omni:145.0.20251124145406] AndroidManifest.xml:157:13-35
186            android:exported="false"
186-->[org.mozilla.geckoview:geckoview-omni:145.0.20251124145406] AndroidManifest.xml:158:13-37
187            android:isolatedProcess="true"
187-->[org.mozilla.geckoview:geckoview-omni:145.0.20251124145406] AndroidManifest.xml:159:13-43
188            android:process=":isolatedTab7" >
188-->[org.mozilla.geckoview:geckoview-omni:145.0.20251124145406] AndroidManifest.xml:160:13-44
189        </service>
190        <service
190-->[org.mozilla.geckoview:geckoview-omni:145.0.20251124145406] AndroidManifest.xml:162:9-168:19
191            android:name="org.mozilla.gecko.process.GeckoChildProcessServices$tab8"
191-->[org.mozilla.geckoview:geckoview-omni:145.0.20251124145406] AndroidManifest.xml:163:13-84
192            android:enabled="true"
192-->[org.mozilla.geckoview:geckoview-omni:145.0.20251124145406] AndroidManifest.xml:164:13-35
193            android:exported="false"
193-->[org.mozilla.geckoview:geckoview-omni:145.0.20251124145406] AndroidManifest.xml:165:13-37
194            android:isolatedProcess="false"
194-->[org.mozilla.geckoview:geckoview-omni:145.0.20251124145406] AndroidManifest.xml:166:13-44
195            android:process=":tab8" >
195-->[org.mozilla.geckoview:geckoview-omni:145.0.20251124145406] AndroidManifest.xml:167:13-36
196        </service>
197        <service
197-->[org.mozilla.geckoview:geckoview-omni:145.0.20251124145406] AndroidManifest.xml:169:9-175:19
198            android:name="org.mozilla.gecko.process.GeckoChildProcessServices$isolatedTab8"
198-->[org.mozilla.geckoview:geckoview-omni:145.0.20251124145406] AndroidManifest.xml:170:13-92
199            android:enabled="true"
199-->[org.mozilla.geckoview:geckoview-omni:145.0.20251124145406] AndroidManifest.xml:171:13-35
200            android:exported="false"
200-->[org.mozilla.geckoview:geckoview-omni:145.0.20251124145406] AndroidManifest.xml:172:13-37
201            android:isolatedProcess="true"
201-->[org.mozilla.geckoview:geckoview-omni:145.0.20251124145406] AndroidManifest.xml:173:13-43
202            android:process=":isolatedTab8" >
202-->[org.mozilla.geckoview:geckoview-omni:145.0.20251124145406] AndroidManifest.xml:174:13-44
203        </service>
204        <service
204-->[org.mozilla.geckoview:geckoview-omni:145.0.20251124145406] AndroidManifest.xml:176:9-182:19
205            android:name="org.mozilla.gecko.process.GeckoChildProcessServices$tab9"
205-->[org.mozilla.geckoview:geckoview-omni:145.0.20251124145406] AndroidManifest.xml:177:13-84
206            android:enabled="true"
206-->[org.mozilla.geckoview:geckoview-omni:145.0.20251124145406] AndroidManifest.xml:178:13-35
207            android:exported="false"
207-->[org.mozilla.geckoview:geckoview-omni:145.0.20251124145406] AndroidManifest.xml:179:13-37
208            android:isolatedProcess="false"
208-->[org.mozilla.geckoview:geckoview-omni:145.0.20251124145406] AndroidManifest.xml:180:13-44
209            android:process=":tab9" >
209-->[org.mozilla.geckoview:geckoview-omni:145.0.20251124145406] AndroidManifest.xml:181:13-36
210        </service>
211        <service
211-->[org.mozilla.geckoview:geckoview-omni:145.0.20251124145406] AndroidManifest.xml:183:9-189:19
212            android:name="org.mozilla.gecko.process.GeckoChildProcessServices$isolatedTab9"
212-->[org.mozilla.geckoview:geckoview-omni:145.0.20251124145406] AndroidManifest.xml:184:13-92
213            android:enabled="true"
213-->[org.mozilla.geckoview:geckoview-omni:145.0.20251124145406] AndroidManifest.xml:185:13-35
214            android:exported="false"
214-->[org.mozilla.geckoview:geckoview-omni:145.0.20251124145406] AndroidManifest.xml:186:13-37
215            android:isolatedProcess="true"
215-->[org.mozilla.geckoview:geckoview-omni:145.0.20251124145406] AndroidManifest.xml:187:13-43
216            android:process=":isolatedTab9" >
216-->[org.mozilla.geckoview:geckoview-omni:145.0.20251124145406] AndroidManifest.xml:188:13-44
217        </service>
218        <service
218-->[org.mozilla.geckoview:geckoview-omni:145.0.20251124145406] AndroidManifest.xml:190:9-196:19
219            android:name="org.mozilla.gecko.process.GeckoChildProcessServices$tab10"
219-->[org.mozilla.geckoview:geckoview-omni:145.0.20251124145406] AndroidManifest.xml:191:13-85
220            android:enabled="true"
220-->[org.mozilla.geckoview:geckoview-omni:145.0.20251124145406] AndroidManifest.xml:192:13-35
221            android:exported="false"
221-->[org.mozilla.geckoview:geckoview-omni:145.0.20251124145406] AndroidManifest.xml:193:13-37
222            android:isolatedProcess="false"
222-->[org.mozilla.geckoview:geckoview-omni:145.0.20251124145406] AndroidManifest.xml:194:13-44
223            android:process=":tab10" >
223-->[org.mozilla.geckoview:geckoview-omni:145.0.20251124145406] AndroidManifest.xml:195:13-37
224        </service>
225        <service
225-->[org.mozilla.geckoview:geckoview-omni:145.0.20251124145406] AndroidManifest.xml:197:9-203:19
226            android:name="org.mozilla.gecko.process.GeckoChildProcessServices$isolatedTab10"
226-->[org.mozilla.geckoview:geckoview-omni:145.0.20251124145406] AndroidManifest.xml:198:13-93
227            android:enabled="true"
227-->[org.mozilla.geckoview:geckoview-omni:145.0.20251124145406] AndroidManifest.xml:199:13-35
228            android:exported="false"
228-->[org.mozilla.geckoview:geckoview-omni:145.0.20251124145406] AndroidManifest.xml:200:13-37
229            android:isolatedProcess="true"
229-->[org.mozilla.geckoview:geckoview-omni:145.0.20251124145406] AndroidManifest.xml:201:13-43
230            android:process=":isolatedTab10" >
230-->[org.mozilla.geckoview:geckoview-omni:145.0.20251124145406] AndroidManifest.xml:202:13-45
231        </service>
232        <service
232-->[org.mozilla.geckoview:geckoview-omni:145.0.20251124145406] AndroidManifest.xml:204:9-210:19
233            android:name="org.mozilla.gecko.process.GeckoChildProcessServices$tab11"
233-->[org.mozilla.geckoview:geckoview-omni:145.0.20251124145406] AndroidManifest.xml:205:13-85
234            android:enabled="true"
234-->[org.mozilla.geckoview:geckoview-omni:145.0.20251124145406] AndroidManifest.xml:206:13-35
235            android:exported="false"
235-->[org.mozilla.geckoview:geckoview-omni:145.0.20251124145406] AndroidManifest.xml:207:13-37
236            android:isolatedProcess="false"
236-->[org.mozilla.geckoview:geckoview-omni:145.0.20251124145406] AndroidManifest.xml:208:13-44
237            android:process=":tab11" >
237-->[org.mozilla.geckoview:geckoview-omni:145.0.20251124145406] AndroidManifest.xml:209:13-37
238        </service>
239        <service
239-->[org.mozilla.geckoview:geckoview-omni:145.0.20251124145406] AndroidManifest.xml:211:9-217:19
240            android:name="org.mozilla.gecko.process.GeckoChildProcessServices$isolatedTab11"
240-->[org.mozilla.geckoview:geckoview-omni:145.0.20251124145406] AndroidManifest.xml:212:13-93
241            android:enabled="true"
241-->[org.mozilla.geckoview:geckoview-omni:145.0.20251124145406] AndroidManifest.xml:213:13-35
242            android:exported="false"
242-->[org.mozilla.geckoview:geckoview-omni:145.0.20251124145406] AndroidManifest.xml:214:13-37
243            android:isolatedProcess="true"
243-->[org.mozilla.geckoview:geckoview-omni:145.0.20251124145406] AndroidManifest.xml:215:13-43
244            android:process=":isolatedTab11" >
244-->[org.mozilla.geckoview:geckoview-omni:145.0.20251124145406] AndroidManifest.xml:216:13-45
245        </service>
246        <service
246-->[org.mozilla.geckoview:geckoview-omni:145.0.20251124145406] AndroidManifest.xml:218:9-224:19
247            android:name="org.mozilla.gecko.process.GeckoChildProcessServices$tab12"
247-->[org.mozilla.geckoview:geckoview-omni:145.0.20251124145406] AndroidManifest.xml:219:13-85
248            android:enabled="true"
248-->[org.mozilla.geckoview:geckoview-omni:145.0.20251124145406] AndroidManifest.xml:220:13-35
249            android:exported="false"
249-->[org.mozilla.geckoview:geckoview-omni:145.0.20251124145406] AndroidManifest.xml:221:13-37
250            android:isolatedProcess="false"
250-->[org.mozilla.geckoview:geckoview-omni:145.0.20251124145406] AndroidManifest.xml:222:13-44
251            android:process=":tab12" >
251-->[org.mozilla.geckoview:geckoview-omni:145.0.20251124145406] AndroidManifest.xml:223:13-37
252        </service>
253        <service
253-->[org.mozilla.geckoview:geckoview-omni:145.0.20251124145406] AndroidManifest.xml:225:9-231:19
254            android:name="org.mozilla.gecko.process.GeckoChildProcessServices$isolatedTab12"
254-->[org.mozilla.geckoview:geckoview-omni:145.0.20251124145406] AndroidManifest.xml:226:13-93
255            android:enabled="true"
255-->[org.mozilla.geckoview:geckoview-omni:145.0.20251124145406] AndroidManifest.xml:227:13-35
256            android:exported="false"